-------------------------------------------------------------------------------
Test set: runner.TestRunner
-------------------------------------------------------------------------------
Tests run: 14, Failures: 1, Errors: 0, Skipped: 0, Time elapsed: 142.938 s <<< FAILURE! - in runner.TestRunner
User searches for the valid product(Search functionality)  Time elapsed: 4.725 s  <<< FAILURE!
java.lang.AssertionError

