<?xml version="1.0" encoding="UTF-8"?>
<testsuite xmlns:xsi="http://www.w3.org/2001/XMLSchema-instance" xsi:noNamespaceSchemaLocation="https://maven.apache.org/surefire/maven-surefire-plugin/xsd/surefire-test-report.xsd" name="runner.TestRunner" time="142.938" tests="14" errors="0" skipped="0" failures="1">
  <properties>
[...]
</properties>
  <testcase name="Login with valid credentials #1" classname="Login functionality" time="9.814"/>
  <testcase name="Login with valid credentials #2" classname="Login functionality" time="10.617"/>
  <testcase name="Login with valid credentials #3" classname="Login functionality" time="7.889"/>
  <testcase name="Login with Invalid credentials" classname="Login functionality" time="10.201"/>
  <testcase name="Login with valid email and invalid password" classname="Login functionality" time="6.565"/>
  <testcase name="Login with invalid email and valid password" classname="Login functionality" time="5.101"/>
  <testcase name="Login without providing any credentials" classname="Login functionality" time="12.808"/>
  <testcase name="User creates an account only with mandatory fields" classname="Registration functionality" time="15.5"/>
  <testcase name="User creates account with all fields" classname="Registration functionality" time="14.777"/>
  <testcase name="User creates Duplicate account" classname="Registration functionality" time="5.22"/>
  <testcase name="User creates an account without filling any details" classname="Registration functionality" time="4.791"/>
  <testcase name="User searches for the valid product" classname="Search functionality" time="4.725">
    <failure type="java.lang.AssertionError">java.lang.AssertionError
</failure>
    <system-out><![CDATA[
Scenario: User searches for the valid product               &amp#27;[90m# src/test/resources/features/Search.feature:3&amp#27;[0m
  &amp#27;[32mGiven &amp#27;[0m&amp#27;[32mUser opens the Application&amp#27;[0m                          &amp#27;[90m# stepdefinitions.Search.user_opens_the_application()&amp#27;[0m
  &amp#27;[32mWhen &amp#27;[0m&amp#27;[32mUser enters valid product &amp#27;[0m&amp#27;[32m&amp#27;[1m"HP"&amp#27;[0m&amp#27;[32m into Search box field&amp#27;[0m &amp#27;[90m# stepdefinitions.Search.user_enters_valid_product_into_search_box_field(java.lang.String)&amp#27;[0m
  &amp#27;[32mAnd &amp#27;[0m&amp#27;[32mUser clicks on search button&amp#27;[0m                          &amp#27;[90m# stepdefinitions.Search.user_clicks_on_search_button()&amp#27;[0m
  &amp#27;[31mThen &amp#27;[0m&amp#27;[31mUser should get valid product in the search results&amp#27;[0m  &amp#27;[90m# stepdefinitions.Search.user_should_get_valid_product_in_the_search_results()&amp#27;[0m
      &amp#27;[31mjava.lang.AssertionError
	at org.junit.Assert.fail(Assert.java:86)
	at org.junit.Assert.fail(Assert.java:95)
	at stepdefinitions.Search.user_should_get_valid_product_in_the_search_results(Search.java:44)
	at âœ½.User should get valid product in the search results(file:///C:/Users/bhara/OneDrive/Desktop/eclipse/CucumberrFramework/src/test/resources/features/Search.feature:7)
&amp#27;[0m

    Embedding User_searches_for_the_valid_product [image/png 118429 bytes]

]]></system-out>
    <system-err><![CDATA[Starting Microsoft Edge WebDriver 111.0.1661.44 (fc2a57ec5a410298200db8ad3013657d5472c408) on port 44276
To submit feedback, report a bug, or suggest new features, please visit https://github.com/MicrosoftEdge/EdgeWebDriver

Only local connections are allowed.
Please see https://aka.ms/WebDriverSecurity for suggestions on keeping Microsoft Edge WebDriver safe.

Microsoft Edge WebDriver was started successfully.
Mar 21, 2023 2:09:59 PM org.openqa.selenium.devtools.CdpVersionFinder findNearestMatch
WARNING: Unable to find an exact match for CDP version 111, so returning the closest version found: 108
]]></system-err>
  </testcase>
  <testcase name="User searches for invalid product" classname="Search functionality" time="4.236"/>
  <testcase name="User searches without any product" classname="Search functionality" time="8.973"/>
</testsuite>